<?xml version="1.0" encoding="UTF-8"?>
<testng-results ignored="0" total="1" passed="1" failed="0" skipped="0">
  <reporter-output>
  </reporter-output>
  <suite started-at="2020-12-09T23:40:35 IST" name="Default suite" finished-at="2020-12-09T23:40:42 IST" duration-ms="6242">
    <groups>
    </groups>
    <test started-at="2020-12-09T23:40:35 IST" name="Default test" finished-at="2020-12-09T23:40:42 IST" duration-ms="6242">
      <class name="JDBCConnection.jdbc">
        <test-method signature="JDBC()[pri:0, instance:JDBCConnection.jdbc@3972a855]" started-at="2020-12-09T23:40:35 IST" name="JDBC" finished-at="2020-12-09T23:40:42 IST" duration-ms="6212" status="PASS">
          <reporter-output>
          </reporter-output>
        </test-method> <!-- JDBC -->
      </class> <!-- JDBCConnection.jdbc -->
    </test> <!-- Default test -->
  </suite> <!-- Default suite -->
</testng-results>
