<?xml version="1.0" encoding="UTF-8"?>
<!-- Generated by org.testng.reporters.JUnitXMLReporter -->
<testsuite ignored="0" hostname="LP-0105" failures="0" tests="7" name="ABC" time="0.058" errors="0" timestamp="2020-12-06T21:33:28 IST">
  <testcase classname="TestNGTutorial.test1" name="TestOne" time="0.005"/>
  <testcase classname="TestNGTutorial.test1" name="TestTwo" time="0.001"/>
  <testcase classname="TestNGTutorial.test3" name="TestData" time="0.001"/>
  <testcase classname="TestNGTutorial.test3" name="TestData" time="0.0"/>
  <testcase classname="TestNGTutorial.test3" name="TestData" time="0.001"/>
  <testcase classname="TestNGTutorial.test3" name="TestFive" time="0.001"/>
  <testcase classname="TestNGTutorial.test3" name="TestSix" time="0.002"/>
</testsuite> <!-- ABC -->
