<?xml version="1.0" encoding="UTF-8"?>
<!-- Generated by org.testng.reporters.JUnitXMLReporter -->
<testsuite ignored="0" hostname="LP-0105" failures="0" tests="4" name="Test" time="0.037" errors="0" timestamp="2020-12-02T14:41:06 IST">
  <testcase classname="TestNGTutorial.test1" name="TestOne" time="0.006"/>
  <testcase classname="TestNGTutorial.test1" name="TestTwo" time="0.0"/>
  <testcase classname="TestNGTutorial.test2" name="TestFour" time="0.001"/>
  <testcase classname="TestNGTutorial.test2" name="TestThree" time="0.001"/>
</testsuite> <!-- Test -->
