<?xml version="1.0" encoding="UTF-8"?>
<testng-results ignored="0" total="1" passed="1" failed="0" skipped="0">
  <reporter-output>
  </reporter-output>
  <suite started-at="2020-11-13T15:23:23 IST" name="Suite" finished-at="2020-11-13T15:23:44 IST" duration-ms="20790">
    <groups>
    </groups>
    <test started-at="2020-11-13T15:23:23 IST" name="Test" finished-at="2020-11-13T15:23:44 IST" duration-ms="20790">
      <class name="com.pr.tests.SetTwo">
        <test-method is-config="true" signature="Initialise()[pri:0, instance:com.pr.tests.SetTwo@2f177a4b]" started-at="2020-11-13T15:23:23 IST" name="Initialise" finished-at="2020-11-13T15:23:36 IST" duration-ms="13765" status="PASS">
          <reporter-output>
          </reporter-output>
        </test-method> <!-- Initialise -->
        <test-method signature="TestFirst()[pri:0, instance:com.pr.tests.SetTwo@2f177a4b]" started-at="2020-11-13T15:23:37 IST" name="TestFirst" finished-at="2020-11-13T15:23:44 IST" duration-ms="6987" status="PASS">
          <reporter-output>
          </reporter-output>
        </test-method> <!-- TestFirst -->
      </class> <!-- com.pr.tests.SetTwo -->
    </test> <!-- Test -->
  </suite> <!-- Suite -->
</testng-results>
